<?xml version="1.0" encoding="UTF-8"?>
<testsuite name="com.kennedyrobotics.drivers.leds.CANifierColorChannelTest" tests="3" skipped="0" failures="0" errors="0" timestamp="2019-12-27T03:58:52" hostname="Ryans-MacBook-Pro.local" time="0.009">
  <properties/>
  <testcase name="testSet()" classname="com.kennedyrobotics.drivers.leds.CANifierColorChannelTest" time="0.004"/>
  <testcase name="testSetBrightness()" classname="com.kennedyrobotics.drivers.leds.CANifierColorChannelTest" time="0.003"/>
  <testcase name="sanityTest()" classname="com.kennedyrobotics.drivers.leds.CANifierColorChannelTest" time="0.001"/>
  <system-out><![CDATA[]]></system-out>
  <system-err><![CDATA[]]></system-err>
</testsuite>
