<?xml version="1.0" encoding="UTF-8"?>
<testsuite name="com.kennedyrobotics.drivers.lightdrive.ModeTest" tests="1" skipped="0" failures="0" errors="0" timestamp="2019-12-27T03:58:52" hostname="Ryans-MacBook-Pro.local" time="0.007">
  <properties/>
  <testcase name="test()" classname="com.kennedyrobotics.drivers.lightdrive.ModeTest" time="0.007"/>
  <system-out><![CDATA[]]></system-out>
  <system-err><![CDATA[]]></system-err>
</testsuite>
