<?xml version="1.0" encoding="UTF-8"?>
<testsuite name="com.team254.lib.trajectory.PurePursuitControllerTest" tests="1" skipped="0" failures="0" errors="0" timestamp="2019-12-27T03:58:53" hostname="Ryans-MacBook-Pro.local" time="0.034">
  <properties/>
  <testcase name="test()" classname="com.team254.lib.trajectory.PurePursuitControllerTest" time="0.034"/>
  <system-out><![CDATA[Iter: 0, Pose: T:(0.000,0.000), R:(0.000 deg), Steering Command: (1.000,0.000,0.000 deg)
Iter: 1, Pose: T:(1.000,0.000), R:(0.000 deg), Steering Command: (1.000,0.000,0.000 deg)
Iter: 2, Pose: T:(2.000,0.000), R:(0.000 deg), Steering Command: (1.000,0.000,0.000 deg)
Iter: 3, Pose: T:(3.000,0.000), R:(0.000 deg), Steering Command: (1.000,0.000,0.000 deg)
Iter: 4, Pose: T:(4.000,0.000), R:(0.000 deg), Steering Command: (1.000,0.000,0.000 deg)
Iter: 5, Pose: T:(5.000,0.000), R:(0.000 deg), Steering Command: (1.000,0.000,0.000 deg)
Iter: 6, Pose: T:(6.000,0.000), R:(0.000 deg), Steering Command: (1.000,0.000,0.000 deg)
Iter: 7, Pose: T:(7.000,0.000), R:(0.000 deg), Steering Command: (1.000,0.000,0.000 deg)
Iter: 8, Pose: T:(8.000,0.000), R:(0.000 deg), Steering Command: (1.000,0.000,0.000 deg)
Iter: 9, Pose: T:(9.000,0.000), R:(0.000 deg), Steering Command: (1.000,0.000,0.000 deg)
Iter: 10, Pose: T:(10.000,0.000), R:(0.000 deg), Steering Command: (1.000,0.000,0.000 deg)
Iter: 11, Pose: T:(11.000,0.000), R:(0.000 deg), Steering Command: (1.000,0.000,0.000 deg)
Iter: 12, Pose: T:(12.000,0.000), R:(0.000 deg), Steering Command: (1.000,0.000,0.000 deg)
Iter: 13, Pose: T:(13.000,0.000), R:(0.000 deg), Steering Command: (1.000,0.000,0.000 deg)
Iter: 14, Pose: T:(14.000,0.000), R:(0.000 deg), Steering Command: (1.000,0.000,0.000 deg)
Iter: 15, Pose: T:(15.000,0.000), R:(0.000 deg), Steering Command: (1.000,0.000,0.000 deg)
Iter: 16, Pose: T:(16.000,0.000), R:(0.000 deg), Steering Command: (1.000,0.000,0.000 deg)
Iter: 17, Pose: T:(17.000,0.000), R:(0.000 deg), Steering Command: (1.000,0.000,0.000 deg)
Iter: 18, Pose: T:(18.000,0.000), R:(0.000 deg), Steering Command: (1.000,0.000,0.000 deg)
Iter: 19, Pose: T:(19.000,0.000), R:(0.000 deg), Steering Command: (1.000,0.000,2.450 deg)
Iter: 20, Pose: T:(20.000,0.021), R:(2.450 deg), Steering Command: (1.000,0.000,4.253 deg)
Iter: 21, Pose: T:(20.996,0.101), R:(6.703 deg), Steering Command: (1.000,0.000,5.317 deg)
Iter: 22, Pose: T:(21.983,0.264), R:(12.020 deg), Steering Command: (1.000,0.000,5.715 deg)
Iter: 23, Pose: T:(22.949,0.520), R:(17.736 deg), Steering Command: (1.000,0.000,5.608 deg)
Iter: 24, Pose: T:(23.885,0.871), R:(23.344 deg), Steering Command: (1.000,0.000,5.166 deg)
Iter: 25, Pose: T:(24.784,1.308), R:(28.510 deg), Steering Command: (1.000,0.000,4.534 deg)
Iter: 26, Pose: T:(25.643,1.820), R:(33.044 deg), Steering Command: (1.000,0.000,3.819 deg)
Iter: 27, Pose: T:(26.462,2.393), R:(36.863 deg), Steering Command: (1.000,0.000,3.093 deg)
Iter: 28, Pose: T:(27.246,3.014), R:(39.956 deg), Steering Command: (1.000,0.000,2.408 deg)
Iter: 29, Pose: T:(27.998,3.672), R:(42.364 deg), Steering Command: (1.000,0.000,1.792 deg)
Iter: 30, Pose: T:(28.727,4.357), R:(44.156 deg), Steering Command: (1.000,0.000,1.262 deg)
Iter: 31, Pose: T:(29.436,5.062), R:(45.419 deg), Steering Command: (1.000,0.000,0.824 deg)
Iter: 32, Pose: T:(30.133,5.779), R:(46.243 deg), Steering Command: (1.000,0.000,0.476 deg)
Iter: 33, Pose: T:(30.822,6.504), R:(46.719 deg), Steering Command: (1.000,0.000,0.211 deg)
Iter: 34, Pose: T:(31.506,7.233), R:(46.930 deg), Steering Command: (1.000,0.000,0.018 deg)
Iter: 35, Pose: T:(32.189,7.964), R:(46.948 deg), Steering Command: (1.000,0.000,-0.189 deg)
Iter: 36, Pose: T:(32.873,8.694), R:(46.759 deg), Steering Command: (1.000,0.000,-3.099 deg)
Iter: 37, Pose: T:(33.577,9.403), R:(43.660 deg), Steering Command: (1.000,0.000,-5.155 deg)
Iter: 38, Pose: T:(34.331,10.060), R:(38.505 deg), Steering Command: (1.000,0.000,-6.240 deg)
Iter: 39, Pose: T:(35.146,10.639), R:(32.264 deg), Steering Command: (1.000,0.000,-6.492 deg)
Iter: 40, Pose: T:(36.019,11.124), R:(25.773 deg), Steering Command: (1.000,0.000,-6.154 deg)
Iter: 41, Pose: T:(36.942,11.509), R:(19.619 deg), Steering Command: (1.000,0.000,-5.465 deg)
Iter: 42, Pose: T:(37.898,11.800), R:(14.153 deg), Steering Command: (1.000,0.000,-4.608 deg)
Iter: 43, Pose: T:(38.877,12.005), R:(9.545 deg), Steering Command: (1.000,0.000,-3.709 deg)
Iter: 44, Pose: T:(39.867,12.139), R:(5.836 deg), Steering Command: (1.000,0.000,-2.849 deg)
Iter: 45, Pose: T:(40.864,12.216), R:(2.987 deg), Steering Command: (1.000,0.000,-2.078 deg)
Iter: 46, Pose: T:(41.864,12.250), R:(0.909 deg), Steering Command: (1.000,0.000,-1.421 deg)
Iter: 47, Pose: T:(42.864,12.253), R:(-0.511 deg), Steering Command: (1.000,0.000,-0.887 deg)
Iter: 48, Pose: T:(43.864,12.237), R:(-1.398 deg), Steering Command: (1.000,0.000,-0.473 deg)
Iter: 49, Pose: T:(44.863,12.208), R:(-1.871 deg), Steering Command: (1.000,0.000,-0.168 deg)
Iter: 50, Pose: T:(45.863,12.174), R:(-2.039 deg), Steering Command: (1.000,0.000,0.043 deg)
Iter: 51, Pose: T:(46.862,12.139), R:(-1.996 deg), Steering Command: (1.000,0.000,0.178 deg)
Iter: 52, Pose: T:(47.861,12.105), R:(-1.818 deg), Steering Command: (1.000,0.000,0.252 deg)
Iter: 53, Pose: T:(48.861,12.076), R:(-1.567 deg), Steering Command: (1.000,0.000,0.281 deg)
Iter: 54, Pose: T:(49.861,12.051), R:(-1.286 deg), Steering Command: (1.000,0.000,0.279 deg)
Iter: 55, Pose: T:(50.860,12.031), R:(-1.007 deg), Steering Command: (1.000,0.000,0.257 deg)
Iter: 56, Pose: T:(51.860,12.016), R:(-0.750 deg), Steering Command: (1.000,0.000,0.223 deg)
Iter: 57, Pose: T:(52.860,12.004), R:(-0.527 deg), Steering Command: (1.000,0.000,0.185 deg)
Iter: 58, Pose: T:(53.860,11.997), R:(-0.342 deg), Steering Command: (1.000,0.000,0.146 deg)
Iter: 59, Pose: T:(54.860,11.992), R:(-0.196 deg), Steering Command: (1.000,0.000,0.110 deg)
Iter: 60, Pose: T:(55.860,11.990), R:(-0.086 deg), Steering Command: (1.000,0.000,0.110 deg)
Iter: 61, Pose: T:(56.860,11.989), R:(0.024 deg), Steering Command: (1.000,0.000,0.110 deg)
Iter: 62, Pose: T:(57.860,11.991), R:(0.135 deg), Steering Command: (1.000,0.000,0.110 deg)
Iter: 63, Pose: T:(58.860,11.994), R:(0.245 deg), Steering Command: (1.000,0.000,0.110 deg)
Iter: 64, Pose: T:(59.860,11.999), R:(0.355 deg), Steering Command: (0.140,0.000,0.015 deg)
Iter: 65, Pose: T:(60.000,12.000), R:(0.371 deg), Steering Command: (0.000,0.000,0.000 deg)
]]></system-out>
  <system-err><![CDATA[]]></system-err>
</testsuite>
