<?xml version="1.0" encoding="UTF-8"?>
<testsuite name="com.team254.lib.trajectory.timing.TimingUtilTest" tests="4" skipped="0" failures="0" errors="0" timestamp="2019-12-27T03:58:53" hostname="Ryans-MacBook-Pro.local" time="0.06">
  <properties/>
  <testcase name="testConditionalVelocityConstraint()" classname="com.team254.lib.trajectory.timing.TimingUtilTest" time="0.018"/>
  <testcase name="testVelocityLimitRegionConstraint()" classname="com.team254.lib.trajectory.timing.TimingUtilTest" time="0.01"/>
  <testcase name="testConditionalAccelerationConstraint()" classname="com.team254.lib.trajectory.timing.TimingUtilTest" time="0.009"/>
  <testcase name="testNoConstraints()" classname="com.team254.lib.trajectory.timing.TimingUtilTest" time="0.021"/>
  <system-out><![CDATA[0,0.000,0.000,0.000,0.000,5.000
1,1.000,0.000,0.632,3.162,5.000
2,2.000,0.000,0.894,4.472,5.000
3,3.000,0.000,1.095,5.477,5.000
4,4.000,0.000,1.265,6.325,5.000
5,5.000,0.000,1.414,7.071,5.000
6,6.000,0.000,1.549,7.746,5.000
7,7.000,0.000,1.673,8.367,5.000
8,8.000,0.000,1.789,8.944,5.000
9,9.000,0.000,1.897,9.487,5.000
10,10.000,0.000,2.000,10.000,0.000
11,11.000,0.000,2.100,10.000,0.000
12,12.000,0.000,2.200,10.000,0.000
13,13.000,0.000,2.300,10.000,0.000
14,14.000,0.000,2.400,10.000,0.000
15,15.000,0.000,2.500,10.000,0.000
16,16.000,0.000,2.600,10.000,-2.500
17,17.000,0.000,2.701,9.747,-5.000
18,18.000,0.000,2.807,9.220,-5.000
19,19.000,0.000,2.919,8.660,-5.000
20,20.000,0.000,3.038,8.062,-5.000
21,21.000,0.000,3.167,7.416,-5.000
22,22.000,0.000,3.309,6.708,-5.000
23,23.000,0.000,3.467,5.916,-5.000
24,24.000,0.000,3.651,5.000,0.000
25,24.707,0.707,3.851,5.000,0.000
26,25.414,1.414,4.051,5.000,0.000
27,26.121,2.121,4.251,5.000,0.000
28,26.828,2.828,4.451,5.000,0.000
29,27.536,3.536,4.651,5.000,0.000
30,28.243,4.243,4.851,5.000,0.000
31,28.950,4.950,5.051,5.000,0.000
32,29.657,5.657,5.251,5.000,0.000
33,30.364,6.364,5.451,5.000,0.000
34,31.071,7.071,5.651,5.000,0.000
35,31.778,7.778,5.851,5.000,0.000
36,32.485,8.485,6.051,5.000,0.000
37,33.192,9.192,6.251,5.000,0.000
38,33.899,9.899,6.451,5.000,0.000
39,34.607,10.607,6.651,5.000,0.000
40,35.314,11.314,6.851,5.000,0.000
41,36.029,12.000,7.049,5.000,0.000
42,37.029,12.000,7.249,5.000,0.000
43,38.029,12.000,7.449,5.000,0.000
44,39.029,12.000,7.649,5.000,0.000
45,40.029,12.000,7.849,5.000,0.000
46,41.029,12.000,8.049,5.000,0.000
47,42.029,12.000,8.249,5.000,0.000
48,43.029,12.000,8.449,5.000,0.000
49,44.029,12.000,8.649,5.000,0.000
50,45.029,12.000,8.849,5.000,0.000
51,46.029,12.000,9.049,5.000,0.000
52,47.029,12.000,9.249,5.000,0.000
53,48.029,12.000,9.449,5.000,0.000
54,49.029,12.000,9.649,5.000,0.000
55,50.029,12.000,9.849,5.000,0.000
56,51.029,12.000,10.049,5.000,0.000
57,52.029,12.000,10.249,5.000,0.000
58,53.029,12.000,10.449,5.000,0.000
59,54.029,12.000,10.649,5.000,0.000
60,55.029,12.000,10.849,5.000,0.000
61,56.029,12.000,11.049,5.000,0.000
62,57.029,12.000,11.249,5.000,-2.647
63,58.029,12.000,11.461,4.439,-5.000
64,59.029,12.000,11.726,3.115,-5.000
65,60.000,12.000,12.349,0.000,-5.000

0,0.000,0.000,0.000,0.000,5.000
1,1.000,0.000,0.632,3.162,5.000
2,2.000,0.000,0.894,4.472,5.000
3,3.000,0.000,1.095,5.477,-0.500
4,4.000,0.000,1.280,5.385,-5.000
5,5.000,0.000,1.485,4.359,-5.000
6,6.000,0.000,1.757,3.000,0.000
7,7.000,0.000,2.090,3.000,0.000
8,8.000,0.000,2.423,3.000,0.000
9,9.000,0.000,2.757,3.000,0.000
10,10.000,0.000,3.090,3.000,0.000
11,11.000,0.000,3.423,3.000,0.000
12,12.000,0.000,3.757,3.000,0.000
13,13.000,0.000,4.090,3.000,0.000
14,14.000,0.000,4.423,3.000,0.000
15,15.000,0.000,4.757,3.000,0.000
16,16.000,0.000,5.090,3.000,0.000
17,17.000,0.000,5.423,3.000,0.000
18,18.000,0.000,5.757,3.000,5.000
19,19.000,0.000,6.028,4.359,5.000
20,20.000,0.000,6.234,5.385,5.000
21,21.000,0.000,6.406,6.245,5.000
22,22.000,0.000,6.557,7.000,5.000
23,23.000,0.000,6.693,7.681,5.000
24,24.000,0.000,6.818,8.307,5.000
25,24.707,0.707,6.934,8.888,5.000
26,25.414,1.414,7.043,9.434,5.000
27,26.121,2.121,7.147,9.950,0.500
28,26.828,2.828,7.247,10.000,0.000
29,27.536,3.536,7.347,10.000,0.000
30,28.243,4.243,7.447,10.000,0.000
31,28.950,4.950,7.547,10.000,0.000
32,29.657,5.657,7.647,10.000,0.000
33,30.364,6.364,7.747,10.000,0.000
34,31.071,7.071,7.847,10.000,0.000
35,31.778,7.778,7.947,10.000,0.000
36,32.485,8.485,8.047,10.000,0.000
37,33.192,9.192,8.147,10.000,0.000
38,33.899,9.899,8.247,10.000,0.000
39,34.607,10.607,8.347,10.000,0.000
40,35.314,11.314,8.447,10.000,0.000
41,36.029,12.000,8.546,10.000,0.000
42,37.029,12.000,8.646,10.000,0.000
43,38.029,12.000,8.746,10.000,0.000
44,39.029,12.000,8.846,10.000,0.000
45,40.029,12.000,8.946,10.000,0.000
46,41.029,12.000,9.046,10.000,0.000
47,42.029,12.000,9.146,10.000,0.000
48,43.029,12.000,9.246,10.000,0.000
49,44.029,12.000,9.346,10.000,0.000
50,45.029,12.000,9.446,10.000,0.000
51,46.029,12.000,9.546,10.000,0.000
52,47.029,12.000,9.646,10.000,0.000
53,48.029,12.000,9.746,10.000,0.000
54,49.029,12.000,9.846,10.000,-0.147
55,50.029,12.000,9.946,9.985,-5.000
56,51.029,12.000,10.049,9.471,-5.000
57,52.029,12.000,10.158,8.928,-5.000
58,53.029,12.000,10.273,8.349,-5.000
59,54.029,12.000,10.398,7.727,-5.000
60,55.029,12.000,10.533,7.050,-5.000
61,56.029,12.000,10.683,6.301,-5.000
62,57.029,12.000,10.853,5.450,-5.000
63,58.029,12.000,11.055,4.439,-5.000
64,59.029,12.000,11.320,3.115,-5.000
65,60.000,12.000,11.943,0.000,-5.000

0,0.000,0.000,0.000,0.000,3.162
1,1.000,0.000,0.795,2.515,2.647
2,2.000,0.000,1.133,3.408,2.391
3,3.000,0.000,1.401,4.050,2.165
4,4.000,0.000,1.634,4.553,1.995
5,5.000,0.000,1.844,4.972,1.865
6,6.000,0.000,2.038,5.334,1.762
7,7.000,0.000,2.220,5.655,1.678
8,8.000,0.000,2.392,5.944,1.608
9,9.000,0.000,2.557,6.209,1.547
10,10.000,0.000,2.715,6.453,1.495
11,11.000,0.000,2.867,6.681,1.449
12,12.000,0.000,3.014,6.894,1.408
13,13.000,0.000,3.157,7.095,1.371
14,14.000,0.000,3.296,7.286,1.338
15,15.000,0.000,3.432,7.468,1.308
16,16.000,0.000,3.564,7.641,1.280
17,17.000,0.000,3.694,7.807,1.255
18,18.000,0.000,3.820,7.966,1.231
19,19.000,0.000,3.945,8.119,1.209
20,20.000,0.000,4.067,8.266,1.189
21,21.000,0.000,4.187,8.409,1.170
22,22.000,0.000,4.305,8.547,1.152
23,23.000,0.000,4.421,8.681,1.135
24,24.000,0.000,4.535,8.810,1.119
25,24.707,0.707,4.648,8.936,1.104
26,25.414,1.414,4.759,9.059,1.089
27,26.121,2.121,4.869,9.179,1.076
28,26.828,2.828,4.977,9.295,1.063
29,27.536,3.536,5.084,9.409,1.050
30,28.243,4.243,5.190,9.520,1.038
31,28.950,4.950,5.294,9.628,1.027
32,29.657,5.657,5.397,9.734,1.016
33,30.364,6.364,5.499,9.838,1.006
34,31.071,7.071,5.601,9.940,0.600
35,31.778,7.778,5.701,10.000,0.000
36,32.485,8.485,5.801,10.000,0.000
37,33.192,9.192,5.901,10.000,0.000
38,33.899,9.899,6.001,10.000,0.000
39,34.607,10.607,6.101,10.000,0.000
40,35.314,11.314,6.201,10.000,0.000
41,36.029,12.000,6.300,10.000,0.000
42,37.029,12.000,6.400,10.000,0.000
43,38.029,12.000,6.500,10.000,0.000
44,39.029,12.000,6.600,10.000,0.000
45,40.029,12.000,6.700,10.000,0.000
46,41.029,12.000,6.800,10.000,0.000
47,42.029,12.000,6.900,10.000,0.000
48,43.029,12.000,7.000,10.000,0.000
49,44.029,12.000,7.100,10.000,0.000
50,45.029,12.000,7.200,10.000,0.000
51,46.029,12.000,7.300,10.000,0.000
52,47.029,12.000,7.400,10.000,0.000
53,48.029,12.000,7.500,10.000,0.000
54,49.029,12.000,7.600,10.000,-0.147
55,50.029,12.000,7.700,9.985,-5.000
56,51.029,12.000,7.803,9.471,-5.000
57,52.029,12.000,7.912,8.928,-5.000
58,53.029,12.000,8.027,8.349,-5.000
59,54.029,12.000,8.152,7.727,-5.000
60,55.029,12.000,8.287,7.050,-5.000
61,56.029,12.000,8.437,6.301,-5.000
62,57.029,12.000,8.607,5.450,-5.000
63,58.029,12.000,8.809,4.439,-5.000
64,59.029,12.000,9.074,3.115,-5.000
65,60.000,12.000,9.697,0.000,-5.000

0,0.000,0.000,0.000,0.000,5.000
1,1.000,0.000,0.632,3.162,5.000
2,2.000,0.000,0.894,4.472,5.000
3,3.000,0.000,1.095,5.477,5.000
4,4.000,0.000,1.265,6.325,5.000
5,5.000,0.000,1.414,7.071,5.000
6,6.000,0.000,1.549,7.746,5.000
7,7.000,0.000,1.673,8.367,5.000
8,8.000,0.000,1.789,8.944,5.000
9,9.000,0.000,1.897,9.487,5.000
10,10.000,0.000,2.000,10.000,5.000
11,11.000,0.000,2.098,10.488,5.000
12,12.000,0.000,2.191,10.954,5.000
13,13.000,0.000,2.280,11.402,5.000
14,14.000,0.000,2.366,11.832,5.000
15,15.000,0.000,2.449,12.247,5.000
16,16.000,0.000,2.530,12.649,5.000
17,17.000,0.000,2.608,13.038,5.000
18,18.000,0.000,2.683,13.416,5.000
19,19.000,0.000,2.757,13.784,5.000
20,20.000,0.000,2.828,14.142,5.000
21,21.000,0.000,2.898,14.491,5.000
22,22.000,0.000,2.966,14.832,5.000
23,23.000,0.000,3.033,15.166,5.000
24,24.000,0.000,3.098,15.492,5.000
25,24.707,0.707,3.162,15.811,5.000
26,25.414,1.414,3.225,16.125,5.000
27,26.121,2.121,3.286,16.432,5.000
28,26.828,2.828,3.347,16.733,5.000
29,27.536,3.536,3.406,17.029,5.000
30,28.243,4.243,3.464,17.321,5.000
31,28.950,4.950,3.521,17.607,5.000
32,29.657,5.657,3.578,17.889,-0.189
33,30.364,6.364,3.634,17.878,-5.000
34,31.071,7.071,3.690,17.596,-5.000
35,31.778,7.778,3.747,17.310,-5.000
36,32.485,8.485,3.806,17.018,-5.000
37,33.192,9.192,3.865,16.722,-5.000
38,33.899,9.899,3.925,16.420,-5.000
39,34.607,10.607,3.987,16.113,-5.000
40,35.314,11.314,4.049,15.799,-5.000
41,36.029,12.000,4.113,15.482,-5.000
42,37.029,12.000,4.178,15.156,-5.000
43,38.029,12.000,4.245,14.822,-5.000
44,39.029,12.000,4.313,14.481,-5.000
45,40.029,12.000,4.383,14.132,-5.000
46,41.029,12.000,4.455,13.773,-5.000
47,42.029,12.000,4.528,13.405,-5.000
48,43.029,12.000,4.604,13.027,-5.000
49,44.029,12.000,4.682,12.637,-5.000
50,45.029,12.000,4.762,12.235,-5.000
51,46.029,12.000,4.845,11.820,-5.000
52,47.029,12.000,4.931,11.389,-5.000
53,48.029,12.000,5.021,10.941,-5.000
54,49.029,12.000,5.114,10.474,-5.000
55,50.029,12.000,5.212,9.985,-5.000
56,51.029,12.000,5.315,9.471,-5.000
57,52.029,12.000,5.424,8.928,-5.000
58,53.029,12.000,5.539,8.349,-5.000
59,54.029,12.000,5.664,7.727,-5.000
60,55.029,12.000,5.799,7.050,-5.000
61,56.029,12.000,5.949,6.301,-5.000
62,57.029,12.000,6.119,5.450,-5.000
63,58.029,12.000,6.321,4.439,-5.000
64,59.029,12.000,6.586,3.115,-5.000
65,60.000,12.000,7.209,0.000,-5.000

0,0.000,0.000,0.000,0.000,5.000
1,1.000,0.000,0.632,3.162,5.000
2,2.000,0.000,0.894,4.472,5.000
3,3.000,0.000,1.095,5.477,5.000
4,4.000,0.000,1.265,6.325,5.000
5,5.000,0.000,1.414,7.071,5.000
6,6.000,0.000,1.549,7.746,5.000
7,7.000,0.000,1.673,8.367,5.000
8,8.000,0.000,1.789,8.944,5.000
9,9.000,0.000,1.897,9.487,5.000
10,10.000,0.000,2.000,10.000,0.000
11,11.000,0.000,2.100,10.000,0.000
12,12.000,0.000,2.200,10.000,0.000
13,13.000,0.000,2.300,10.000,0.000
14,14.000,0.000,2.400,10.000,0.000
15,15.000,0.000,2.500,10.000,0.000
16,16.000,0.000,2.600,10.000,0.000
17,17.000,0.000,2.700,10.000,0.000
18,18.000,0.000,2.800,10.000,0.000
19,19.000,0.000,2.900,10.000,0.000
20,20.000,0.000,3.000,10.000,0.000
21,21.000,0.000,3.100,10.000,0.000
22,22.000,0.000,3.200,10.000,0.000
23,23.000,0.000,3.300,10.000,0.000
24,24.000,0.000,3.400,10.000,0.000
25,24.707,0.707,3.500,10.000,0.000
26,25.414,1.414,3.600,10.000,0.000
27,26.121,2.121,3.700,10.000,0.000
28,26.828,2.828,3.800,10.000,0.000
29,27.536,3.536,3.900,10.000,0.000
30,28.243,4.243,4.000,10.000,0.000
31,28.950,4.950,4.100,10.000,0.000
32,29.657,5.657,4.200,10.000,0.000
33,30.364,6.364,4.300,10.000,0.000
34,31.071,7.071,4.400,10.000,0.000
35,31.778,7.778,4.500,10.000,0.000
36,32.485,8.485,4.600,10.000,0.000
37,33.192,9.192,4.700,10.000,0.000
38,33.899,9.899,4.800,10.000,0.000
39,34.607,10.607,4.900,10.000,0.000
40,35.314,11.314,5.000,10.000,0.000
41,36.029,12.000,5.099,10.000,0.000
42,37.029,12.000,5.199,10.000,0.000
43,38.029,12.000,5.299,10.000,0.000
44,39.029,12.000,5.399,10.000,0.000
45,40.029,12.000,5.499,10.000,0.000
46,41.029,12.000,5.599,10.000,0.000
47,42.029,12.000,5.699,10.000,0.000
48,43.029,12.000,5.799,10.000,0.000
49,44.029,12.000,5.899,10.000,0.000
50,45.029,12.000,5.999,10.000,0.000
51,46.029,12.000,6.099,10.000,0.000
52,47.029,12.000,6.199,10.000,0.000
53,48.029,12.000,6.299,10.000,0.000
54,49.029,12.000,6.399,10.000,-0.147
55,50.029,12.000,6.499,9.985,-5.000
56,51.029,12.000,6.602,9.471,-5.000
57,52.029,12.000,6.711,8.928,-5.000
58,53.029,12.000,6.826,8.349,-5.000
59,54.029,12.000,6.951,7.727,-5.000
60,55.029,12.000,7.086,7.050,-5.000
61,56.029,12.000,7.236,6.301,-5.000
62,57.029,12.000,7.406,5.450,-5.000
63,58.029,12.000,7.608,4.439,-5.000
64,59.029,12.000,7.873,3.115,-5.000
65,60.000,12.000,8.496,0.000,-5.000

0,0.000,0.000,0.000,5.000,5.000
1,1.000,0.000,0.183,5.916,5.000
2,2.000,0.000,0.342,6.708,5.000
3,3.000,0.000,0.483,7.416,5.000
4,4.000,0.000,0.612,8.062,5.000
5,5.000,0.000,0.732,8.660,5.000
6,6.000,0.000,0.844,9.220,5.000
7,7.000,0.000,0.949,9.747,2.500
8,8.000,0.000,1.051,10.000,0.000
9,9.000,0.000,1.151,10.000,0.000
10,10.000,0.000,1.251,10.000,0.000
11,11.000,0.000,1.351,10.000,0.000
12,12.000,0.000,1.451,10.000,0.000
13,13.000,0.000,1.551,10.000,0.000
14,14.000,0.000,1.651,10.000,0.000
15,15.000,0.000,1.751,10.000,0.000
16,16.000,0.000,1.851,10.000,0.000
17,17.000,0.000,1.951,10.000,0.000
18,18.000,0.000,2.051,10.000,0.000
19,19.000,0.000,2.151,10.000,0.000
20,20.000,0.000,2.251,10.000,0.000
21,21.000,0.000,2.351,10.000,0.000
22,22.000,0.000,2.451,10.000,0.000
23,23.000,0.000,2.551,10.000,0.000
24,24.000,0.000,2.651,10.000,0.000
25,24.707,0.707,2.751,10.000,0.000
26,25.414,1.414,2.851,10.000,0.000
27,26.121,2.121,2.951,10.000,0.000
28,26.828,2.828,3.051,10.000,0.000
29,27.536,3.536,3.151,10.000,0.000
30,28.243,4.243,3.251,10.000,0.000
31,28.950,4.950,3.351,10.000,0.000
32,29.657,5.657,3.451,10.000,0.000
33,30.364,6.364,3.551,10.000,0.000
34,31.071,7.071,3.651,10.000,0.000
35,31.778,7.778,3.751,10.000,0.000
36,32.485,8.485,3.851,10.000,0.000
37,33.192,9.192,3.951,10.000,0.000
38,33.899,9.899,4.051,10.000,0.000
39,34.607,10.607,4.151,10.000,0.000
40,35.314,11.314,4.251,10.000,0.000
41,36.029,12.000,4.350,10.000,0.000
42,37.029,12.000,4.450,10.000,0.000
43,38.029,12.000,4.550,10.000,0.000
44,39.029,12.000,4.650,10.000,0.000
45,40.029,12.000,4.750,10.000,0.000
46,41.029,12.000,4.850,10.000,0.000
47,42.029,12.000,4.950,10.000,0.000
48,43.029,12.000,5.050,10.000,0.000
49,44.029,12.000,5.150,10.000,0.000
50,45.029,12.000,5.250,10.000,0.000
51,46.029,12.000,5.350,10.000,0.000
52,47.029,12.000,5.450,10.000,0.000
53,48.029,12.000,5.550,10.000,0.000
54,49.029,12.000,5.650,10.000,0.000
55,50.029,12.000,5.750,10.000,-3.147
56,51.029,12.000,5.851,9.680,-5.000
57,52.029,12.000,5.958,9.149,-5.000
58,53.029,12.000,6.070,8.585,-5.000
59,54.029,12.000,6.191,7.982,-5.000
60,55.029,12.000,6.322,7.328,-5.000
61,56.029,12.000,6.465,6.611,-5.000
62,57.029,12.000,6.626,5.806,-5.000
63,58.029,12.000,6.814,4.869,-5.000
64,59.029,12.000,7.047,3.702,-5.000
65,60.000,12.000,7.387,2.000,-5.000

]]></system-out>
  <system-err><![CDATA[]]></system-err>
</testsuite>
