<?xml version="1.0" encoding="UTF-8"?>
<testsuite name="com.team254.lib.util.test.ControlledActuatorLinearSimTest" tests="4" skipped="0" failures="0" errors="0" timestamp="2019-12-27T03:58:52" hostname="Ryans-MacBook-Pro.local" time="0.003">
  <properties/>
  <testcase name="testItMovesCorrectly()" classname="com.team254.lib.util.test.ControlledActuatorLinearSimTest" time="0.001"/>
  <testcase name="testItHitsMinLimit()" classname="com.team254.lib.util.test.ControlledActuatorLinearSimTest" time="0.001"/>
  <testcase name="testItHitsMaxLimit()" classname="com.team254.lib.util.test.ControlledActuatorLinearSimTest" time="0.0"/>
  <testcase name="testItMoves()" classname="com.team254.lib.util.test.ControlledActuatorLinearSimTest" time="0.0"/>
  <system-out><![CDATA[]]></system-out>
  <system-err><![CDATA[]]></system-err>
</testsuite>
