<?xml version="1.0" encoding="UTF-8"?>
<testsuite name="com.kennedyrobotics.drivers.leds.CANifierLEDChannelTest" tests="3" skipped="0" failures="0" errors="0" timestamp="2019-12-27T03:58:52" hostname="Ryans-MacBook-Pro.local" time="0.587">
  <properties/>
  <testcase name="test()" classname="com.kennedyrobotics.drivers.leds.CANifierLEDChannelTest" time="0.581"/>
  <testcase name="sanityTest()" classname="com.kennedyrobotics.drivers.leds.CANifierLEDChannelTest" time="0.001"/>
  <testcase name="channelIdTest()" classname="com.kennedyrobotics.drivers.leds.CANifierLEDChannelTest" time="0.005"/>
  <system-out><![CDATA[]]></system-out>
  <system-err><![CDATA[]]></system-err>
</testsuite>
